=============================================
 homebrew-raden-db SHA256 filler
 Architecture: arm64
=============================================

-- mysql@9.4 --
  \u2192 Patch version: 9.4.0
  \u2192 Resolving arm64 URL...
[0;32m\u2713[0m arm64 URL: https://downloads.mysql.com/archives/get/p/23/file/mysql-9.4.0-macos15-arm64.tar.gz
  \u2192 Downloading and computing SHA256 (~300-600 MB)...
[0;32m\u2713[0m arm64 SHA256: a363ccebe8c54c5747a2a297936cf7bd794d2a672cdd7436c7b005241fd13f6b
[0;32m\u2713[0m arm64: formula updated
  \u2192 Resolving x86_64 URL...
[0;32m\u2713[0m x86_64 URL: https://downloads.mysql.com/archives/get/p/23/file/mysql-9.4.0-macos15-x86_64.tar.gz
  \u2192 Downloading and computing SHA256 (~300-600 MB)...
[0;32m\u2713[0m x86_64 SHA256: 1ee9ca3f27cfd481278959d065b31d87d1237304f29efe498d9b38b486b3e34e
[0;32m\u2713[0m x86_64: formula updated
[0;32m\u2713[0m mysql@9.4: done

-- mysql@9.3 --
  \u2192 Patch version: 9.3.0
  \u2192 Resolving arm64 URL...
[0;32m\u2713[0m arm64 URL: https://downloads.mysql.com/archives/get/p/23/file/mysql-9.3.0-macos15-arm64.tar.gz
  \u2192 Downloading and computing SHA256 (~300-600 MB)...
[0;32m\u2713[0m arm64 SHA256: 5b8ca2df717b04b79075ca5edc5723eee9e15fa811fc52e91974c6dc69a25d17
[0;32m\u2713[0m arm64: formula updated
  \u2192 Resolving x86_64 URL...
[0;32m\u2713[0m x86_64 URL: https://downloads.mysql.com/archives/get/p/23/file/mysql-9.3.0-macos15-x86_64.tar.gz
  \u2192 Downloading and computing SHA256 (~300-600 MB)...
[0;32m\u2713[0m x86_64 SHA256: 9b9c161d111f8e6f443a89a1733766d34e7bbd26a23768f17b3669266734791d
[0;32m\u2713[0m x86_64: formula updated
[0;32m\u2713[0m mysql@9.3: done

-- mysql@9.2 --
  \u2192 Patch version: 9.2.0
  \u2192 Resolving arm64 URL...
[0;32m\u2713[0m arm64 URL: https://downloads.mysql.com/archives/get/p/23/file/mysql-9.2.0-macos15-arm64.tar.gz
  \u2192 Downloading and computing SHA256 (~300-600 MB)...
[0;32m\u2713[0m arm64 SHA256: b00639f8a1da97a64031997467f5d8c899e1977a2750cf4bbbcb1b4417cb8a44
[0;32m\u2713[0m arm64: formula updated
  \u2192 Resolving x86_64 URL...
[0;32m\u2713[0m x86_64 URL: https://downloads.mysql.com/archives/get/p/23/file/mysql-9.2.0-macos15-x86_64.tar.gz
  \u2192 Downloading and computing SHA256 (~300-600 MB)...
[0;32m\u2713[0m x86_64 SHA256: e73048bbcca244845fc0c0115acba556875ccbbb352e400559fdb85e5d6e0113
[0;32m\u2713[0m x86_64: formula updated
[0;32m\u2713[0m mysql@9.2: done

-- mysql@9.1 --
  \u2192 Patch version: 9.1.0
  \u2192 Resolving arm64 URL...
[0;32m\u2713[0m arm64 URL: https://downloads.mysql.com/archives/get/p/23/file/mysql-9.1.0-macos14-arm64.tar.gz
  \u2192 Downloading and computing SHA256 (~300-600 MB)...
[0;32m\u2713[0m arm64 SHA256: ecf95d05977dae03626e54d44a9139ac2cd5259e2e7e55c6f1cff002a6de15f2
[0;32m\u2713[0m arm64: formula updated
  \u2192 Resolving x86_64 URL...
[0;32m\u2713[0m x86_64 URL: https://downloads.mysql.com/archives/get/p/23/file/mysql-9.1.0-macos14-x86_64.tar.gz
  \u2192 Downloading and computing SHA256 (~300-600 MB)...
[0;32m\u2713[0m x86_64 SHA256: 5116fd0178ebbd15ae379a803a798820f296b837a33fcf2e3f6c2da9071f6415
[0;32m\u2713[0m x86_64: formula updated
[0;32m\u2713[0m mysql@9.1: done

-- mysql@9.0 --
  \u2192 Patch version: 9.0.1
  \u2192 Resolving arm64 URL...
[0;32m\u2713[0m arm64 URL: https://downloads.mysql.com/archives/get/p/23/file/mysql-9.0.1-macos14-arm64.tar.gz
  \u2192 Downloading and computing SHA256 (~300-600 MB)...
[0;32m\u2713[0m arm64 SHA256: 2bb8f95404e9cc6ab3122de76ff1e65a833ef6b873a3242e858168c32e0569ac
[0;32m\u2713[0m arm64: formula updated
  \u2192 Resolving x86_64 URL...
[0;32m\u2713[0m x86_64 URL: https://downloads.mysql.com/archives/get/p/23/file/mysql-9.0.1-macos14-x86_64.tar.gz
  \u2192 Downloading and computing SHA256 (~300-600 MB)...
[0;32m\u2713[0m x86_64 SHA256: 12db0136d5de5f660881961ba12edad78a42780ec1d4683bfce432f50ce12e89
[0;32m\u2713[0m x86_64: formula updated
[0;32m\u2713[0m mysql@9.0: done

Formulas with FILL_SHA256 placeholders remaining:
  (none - all filled!)

Next: git add . && git commit -m 'Fill SHA256' && git push
